<?xml version="1.0" encoding="UTF-8"?>
<!-- Generated by org.testng.reporters.JUnitReportReporter -->
<testsuite hostname="analas-MacBook-Pro.local" failures="0" tests="1" name="com.nopcommerceV2.testCases.TC_AddcustomerTest_003" time="15.733" errors="0" timestamp="02 Sep 2020 04:27:01 GMT" skipped="0">
  <testcase classname="com.nopcommerceV2.testCases.TC_AddcustomerTest_003" name="AddNewCustomer" time="15.733"/>
</testsuite> <!-- com.nopcommerceV2.testCases.TC_AddcustomerTest_003 -->
