<?xml version="1.0" encoding="UTF-8"?>
<!-- Generated by org.testng.reporters.JUnitReportReporter -->
<testsuite hostname="analas-MacBook-Pro.local" failures="0" tests="1" name="com.nopcommerceV2.testCases.TC_LoginTest_001" time="12.226" errors="0" timestamp="02 Sep 2020 04:27:01 GMT" skipped="0">
  <testcase classname="com.nopcommerceV2.testCases.TC_LoginTest_001" name="loginTest" time="12.226"/>
</testsuite> <!-- com.nopcommerceV2.testCases.TC_LoginTest_001 -->
