<?xml version="1.0" encoding="UTF-8"?>
<!-- Generated by org.testng.reporters.JUnitReportReporter -->
<testsuite skipped="0" hostname="analas-MacBook-Pro.local" name="com.nopcommerceV2.testCases.TC_LoginTest_001" tests="1" failures="0" timestamp="03 Sep 2020 04:59:04 GMT" time="9.078" errors="0">
  <testcase name="loginTest" time="9.078" classname="com.nopcommerceV2.testCases.TC_LoginTest_001"/>
</testsuite> <!-- com.nopcommerceV2.testCases.TC_LoginTest_001 -->
